build/app/intermediates/manifest_merge_blame_file/release/manifest-merger-blame-release-report.txt
1<?xml version="1.0" encoding="utf-8"?>
2<manifest xmlns:android="http://schemas.android.com/apk/res/android"
3    package="domez.io"
4    android:versionCode="23"
5    android:versionName="1.0.23" >
6
7    <uses-sdk
8        android:minSdkVersion="21"
8-->src/main/AndroidManifest.xml
9        android:targetSdkVersion="33" />
9-->src/main/AndroidManifest.xml
10
11    <uses-permission android:name="android.permission.INTERNET" />
11-->src/main/AndroidManifest.xml:3:5-66
11-->src/main/AndroidManifest.xml:3:22-64
12    <uses-permission android:name="android.permission.ACCESS_FINE_LOCATION" />
12-->src/main/AndroidManifest.xml:4:5-79
12-->src/main/AndroidManifest.xml:4:22-76
13    <uses-permission android:name="android.permission.ACCESS_COARSE_LOCATION" />
13-->src/main/AndroidManifest.xml:5:5-81
13-->src/main/AndroidManifest.xml:5:22-78
14    <uses-permission android:name="android.permission.WRITE_EXTERNAL_STORAGE" />
14-->src/main/AndroidManifest.xml:6:5-81
14-->src/main/AndroidManifest.xml:6:22-78
15    <uses-permission android:name="android.permission.READ_EXTERNAL_STORAGE" />
15-->src/main/AndroidManifest.xml:7:5-80
15-->src/main/AndroidManifest.xml:7:22-77
16
17    <queries>
17-->src/main/AndroidManifest.xml:105:5-107:15
18        <provider android:authorities="com.facebook.katana.provider.PlatformProvider" />
18-->src/main/AndroidManifest.xml:106:9-89
18-->src/main/AndroidManifest.xml:106:19-86
19        <!-- Added to check the default browser that will host the AuthFlow. -->
20        <intent>
20-->[com.stripe:financial-connections:20.23.1] AndroidManifest.xml:13:9-17:18
21            <action android:name="android.intent.action.VIEW" />
21-->src/main/AndroidManifest.xml:38:17-69
21-->src/main/AndroidManifest.xml:38:25-66
22
23            <data android:scheme="http" />
23-->src/main/AndroidManifest.xml:41:17-79
23-->src/main/AndroidManifest.xml:41:23-45
24        </intent> <!-- Added to check if Chrome is installed for browser-based payment authentication (e.g. 3DS1). -->
25        <package android:name="com.android.chrome" />
25-->[com.stripe:payments-core:20.23.1] AndroidManifest.xml:11:9-54
25-->[com.stripe:payments-core:20.23.1] AndroidManifest.xml:11:18-51
26        <package android:name="com.facebook.katana" /> <!-- Needs to be explicitly declared on Android R+ -->
26-->[com.facebook.android:facebook-common:16.1.3] AndroidManifest.xml:18:9-55
26-->[com.facebook.android:facebook-common:16.1.3] AndroidManifest.xml:18:18-52
27        <package android:name="com.google.android.apps.maps" />
27-->[com.google.android.gms:play-services-maps:18.1.0] AndroidManifest.xml:33:9-64
27-->[com.google.android.gms:play-services-maps:18.1.0] AndroidManifest.xml:33:18-61
28    </queries>
29
30    <uses-permission android:name="android.permission.WAKE_LOCK" />
30-->[:firebase_messaging] AndroidManifest.xml:10:5-68
30-->[:firebase_messaging] AndroidManifest.xml:10:22-65
31    <uses-permission android:name="android.permission.ACCESS_NETWORK_STATE" /> <!-- Permissions options for the `notification` group -->
31-->[:firebase_messaging] AndroidManifest.xml:11:5-79
31-->[:firebase_messaging] AndroidManifest.xml:11:22-76
32    <uses-permission android:name="android.permission.POST_NOTIFICATIONS" />
32-->[:firebase_messaging] AndroidManifest.xml:13:5-77
32-->[:firebase_messaging] AndroidManifest.xml:13:22-74
33    <uses-permission android:name="android.permission.FOREGROUND_SERVICE" />
33-->[:geolocator_android] AndroidManifest.xml:9:5-77
33-->[:geolocator_android] AndroidManifest.xml:9:22-74
34    <uses-permission android:name="android.permission.RECEIVE_BOOT_COMPLETED" />
34-->[:flutter_local_notifications] AndroidManifest.xml:9:5-81
34-->[:flutter_local_notifications] AndroidManifest.xml:9:22-78
35    <uses-permission android:name="android.permission.VIBRATE" />
35-->[:flutter_local_notifications] AndroidManifest.xml:10:5-66
35-->[:flutter_local_notifications] AndroidManifest.xml:10:22-63
36    <uses-permission android:name="android.permission.USE_FULL_SCREEN_INTENT" />
36-->[:flutter_local_notifications] AndroidManifest.xml:11:5-81
36-->[:flutter_local_notifications] AndroidManifest.xml:11:22-78
37    <uses-permission android:name="android.permission.SCHEDULE_EXACT_ALARM" /> <!-- Required by older versions of Google Play services to create IID tokens -->
37-->[:flutter_local_notifications] AndroidManifest.xml:12:5-79
37-->[:flutter_local_notifications] AndroidManifest.xml:12:22-76
38    <uses-permission android:name="com.google.android.c2dm.permission.RECEIVE" />
38-->[com.google.firebase:firebase-iid:21.1.0] AndroidManifest.xml:26:5-82
38-->[com.google.firebase:firebase-iid:21.1.0] AndroidManifest.xml:26:22-79
39
40    <uses-feature
40-->[com.google.android.gms:play-services-maps:18.1.0] AndroidManifest.xml:26:5-28:35
41        android:glEsVersion="0x00020000"
41-->[com.google.android.gms:play-services-maps:18.1.0] AndroidManifest.xml:27:9-41
42        android:required="true" />
42-->[com.google.android.gms:play-services-maps:18.1.0] AndroidManifest.xml:28:9-32
43
44    <uses-permission android:name="com.google.android.gms.permission.AD_ID" />
44-->[com.facebook.android:facebook-core:16.1.3] AndroidManifest.xml:16:5-79
44-->[com.facebook.android:facebook-core:16.1.3] AndroidManifest.xml:16:22-76
45    <uses-permission android:name="com.google.android.finsky.permission.BIND_GET_INSTALL_REFERRER_SERVICE" />
45-->[com.google.android.gms:play-services-measurement:21.2.2] AndroidManifest.xml:26:5-110
45-->[com.google.android.gms:play-services-measurement:21.2.2] AndroidManifest.xml:26:22-107
46
47    <permission
47-->[androidx.core:core:1.10.1] AndroidManifest.xml:22:5-24:47
48        android:name="domez.io.DYNAMIC_RECEIVER_NOT_EXPORTED_PERMISSION"
48-->[androidx.core:core:1.10.1] AndroidManifest.xml:23:9-81
49        android:protectionLevel="signature" />
49-->[androidx.core:core:1.10.1] AndroidManifest.xml:24:9-44
50
51    <uses-permission android:name="domez.io.DYNAMIC_RECEIVER_NOT_EXPORTED_PERMISSION" />
51-->[androidx.core:core:1.10.1] AndroidManifest.xml:26:5-97
51-->[androidx.core:core:1.10.1] AndroidManifest.xml:26:22-94
52
53    <application
54        android:name="android.app.Application"
54-->src/main/AndroidManifest.xml:11:9-42
55        android:appComponentFactory="androidx.core.app.CoreComponentFactory"
55-->[androidx.core:core:1.10.1] AndroidManifest.xml:28:18-86
56        android:icon="@mipmap/ic_launcher"
56-->src/main/AndroidManifest.xml:14:9-43
57        android:label="DOMEZ"
57-->src/main/AndroidManifest.xml:10:9-30
58        android:requestLegacyExternalStorage="true"
58-->src/main/AndroidManifest.xml:13:9-52
59        android:supportsRtl="true"
59-->[com.facebook.android:facebook-android-sdk:16.1.3] AndroidManifest.xml:16:18-44
60        android:usesCleartextTraffic="true" >
60-->src/main/AndroidManifest.xml:12:9-44
61        <activity
61-->src/main/AndroidManifest.xml:15:9-45:20
62            android:name="domez.io.MainActivity"
62-->src/main/AndroidManifest.xml:16:13-41
63            android:configChanges="orientation|keyboardHidden|keyboard|screenSize|smallestScreenSize|locale|layoutDirection|fontScale|screenLayout|density|uiMode"
63-->src/main/AndroidManifest.xml:20:13-163
64            android:exported="true"
64-->src/main/AndroidManifest.xml:17:13-36
65            android:hardwareAccelerated="true"
65-->src/main/AndroidManifest.xml:22:13-47
66            android:launchMode="singleTop"
66-->src/main/AndroidManifest.xml:18:13-43
67            android:theme="@style/LaunchTheme"
67-->src/main/AndroidManifest.xml:19:13-47
68            android:windowSoftInputMode="adjustResize" >
68-->src/main/AndroidManifest.xml:23:13-55
69
70            <!--
71                 Specifies an Android theme to apply to this Activity as soon as
72                 the Android process has started. This theme is visible to the user
73                 while the Flutter UI initializes. After that, this theme continues
74                 to determine the Window background behind the Flutter UI.
75            -->
76            <meta-data
76-->src/main/AndroidManifest.xml:28:13-31:17
77                android:name="io.flutter.embedding.android.NormalTheme"
77-->src/main/AndroidManifest.xml:29:15-70
78                android:resource="@style/NormalTheme" />
78-->src/main/AndroidManifest.xml:30:15-52
79
80            <intent-filter>
80-->src/main/AndroidManifest.xml:32:13-35:29
81                <action android:name="android.intent.action.MAIN" />
81-->src/main/AndroidManifest.xml:33:17-68
81-->src/main/AndroidManifest.xml:33:25-66
82
83                <category android:name="android.intent.category.LAUNCHER" />
83-->src/main/AndroidManifest.xml:34:17-76
83-->src/main/AndroidManifest.xml:34:27-74
84            </intent-filter>
85            <!-- <meta-data android:name="flutter_deeplinking_enabled" android:value="true" /> -->
86            <intent-filter android:autoVerify="true" >
86-->src/main/AndroidManifest.xml:37:13-43:29
86-->src/main/AndroidManifest.xml:37:28-53
87                <action android:name="android.intent.action.VIEW" />
87-->src/main/AndroidManifest.xml:38:17-69
87-->src/main/AndroidManifest.xml:38:25-66
88
89                <category android:name="android.intent.category.DEFAULT" />
89-->src/main/AndroidManifest.xml:39:17-76
89-->src/main/AndroidManifest.xml:39:27-73
90                <category android:name="android.intent.category.BROWSABLE" />
90-->src/main/AndroidManifest.xml:40:17-78
90-->src/main/AndroidManifest.xml:40:27-75
91
92                <data
92-->src/main/AndroidManifest.xml:41:17-79
93                    android:host="domez.page.link"
93-->src/main/AndroidManifest.xml:41:46-76
94                    android:scheme="https" />
94-->src/main/AndroidManifest.xml:41:23-45
95                <data android:scheme="https" />
95-->src/main/AndroidManifest.xml:41:17-79
95-->src/main/AndroidManifest.xml:41:23-45
96            </intent-filter>
97        </activity>
98        <!--
99             Don't delete the meta-data below.
100             This is used by the Flutter tool to generate GeneratedPluginRegistrant.java
101        -->
102        <meta-data
102-->src/main/AndroidManifest.xml:48:9-50:33
103            android:name="flutterEmbedding"
103-->src/main/AndroidManifest.xml:49:13-44
104            android:value="2" />
104-->src/main/AndroidManifest.xml:50:13-30
105        <meta-data
105-->src/main/AndroidManifest.xml:51:8-106
106            android:name="com.facebook.sdk.ApplicationId"
106-->src/main/AndroidManifest.xml:51:19-64
107            android:value="@string/facebook_app_id" />
107-->src/main/AndroidManifest.xml:51:65-104
108        <meta-data
108-->src/main/AndroidManifest.xml:53:8-110
109            android:name="com.facebook.sdk.ClientToken"
109-->src/main/AndroidManifest.xml:53:19-62
110            android:value="@string/facebook_client_token" />
110-->src/main/AndroidManifest.xml:53:63-108
111        <meta-data
111-->src/main/AndroidManifest.xml:54:8-55:35
112            android:name="com.facebook.sdk.AutoLogAppEventsEnabled"
112-->src/main/AndroidManifest.xml:54:19-74
113            android:value="false" />
113-->src/main/AndroidManifest.xml:55:12-33
114        <meta-data
114-->src/main/AndroidManifest.xml:56:8-57:35
115            android:name="com.facebook.sdk.AdvertiserIDCollectionEnabled"
115-->src/main/AndroidManifest.xml:56:19-80
116            android:value="false" />
116-->src/main/AndroidManifest.xml:57:12-33
117        <meta-data
117-->src/main/AndroidManifest.xml:58:8-59:35
118            android:name="com.facebook.sdk.AutoInitEnabled"
118-->src/main/AndroidManifest.xml:58:19-66
119            android:value="false" />
119-->src/main/AndroidManifest.xml:59:12-33
120        <meta-data
120-->src/main/AndroidManifest.xml:60:8-62:54
121            android:name="com.google.firebase.messaging.default_notification_channel_id"
121-->src/main/AndroidManifest.xml:61:12-88
122            android:value="high_importance_channel" />
122-->src/main/AndroidManifest.xml:62:12-51
123        <meta-data
123-->src/main/AndroidManifest.xml:63:8-65:36
124            android:name="firebase_messaging_auto_init_enabled"
124-->src/main/AndroidManifest.xml:64:12-63
125            android:value="false" />
125-->src/main/AndroidManifest.xml:65:12-33
126        <meta-data
126-->src/main/AndroidManifest.xml:66:8-68:36
127            android:name="firebase_analytics_collection_enabled"
127-->src/main/AndroidManifest.xml:67:12-64
128            android:value="false" />
128-->src/main/AndroidManifest.xml:68:12-33
129        <meta-data
129-->src/main/AndroidManifest.xml:70:8-72:35
130            android:name="com.google.android.gms.wallet.api.enabled"
130-->src/main/AndroidManifest.xml:71:12-68
131            android:value="true" />
131-->src/main/AndroidManifest.xml:72:12-32
132
133        <activity
133-->src/main/AndroidManifest.xml:74:8-78:37
134            android:name="com.facebook.FacebookActivity"
134-->src/main/AndroidManifest.xml:74:18-62
135            android:configChanges="keyboard|keyboardHidden|screenLayout|screenSize|orientation"
135-->src/main/AndroidManifest.xml:75:12-111
136            android:exported="true"
136-->src/main/AndroidManifest.xml:78:12-35
137            android:label="@string/app_name"
137-->src/main/AndroidManifest.xml:77:12-44
138            android:theme="@style/com_facebook_activity_theme" />
138-->[com.facebook.android:facebook-common:16.1.3] AndroidManifest.xml:25:13-63
139        <activity
139-->src/main/AndroidManifest.xml:79:8-88:19
140            android:name="com.facebook.CustomTabActivity"
140-->src/main/AndroidManifest.xml:80:12-57
141            android:exported="true" >
141-->src/main/AndroidManifest.xml:81:12-35
142            <intent-filter>
142-->src/main/AndroidManifest.xml:82:12-87:28
143                <action android:name="android.intent.action.VIEW" />
143-->src/main/AndroidManifest.xml:38:17-69
143-->src/main/AndroidManifest.xml:38:25-66
144
145                <category android:name="android.intent.category.DEFAULT" />
145-->src/main/AndroidManifest.xml:39:17-76
145-->src/main/AndroidManifest.xml:39:27-73
146                <category android:name="android.intent.category.BROWSABLE" />
146-->src/main/AndroidManifest.xml:40:17-78
146-->src/main/AndroidManifest.xml:40:27-75
147
148                <data android:scheme="@string/fb_login_protocol_scheme" />
148-->src/main/AndroidManifest.xml:41:17-79
148-->src/main/AndroidManifest.xml:41:23-45
149            </intent-filter>
150            <intent-filter>
150-->[com.facebook.android:facebook-common:16.1.3] AndroidManifest.xml:31:13-40:29
151                <action android:name="android.intent.action.VIEW" />
151-->src/main/AndroidManifest.xml:38:17-69
151-->src/main/AndroidManifest.xml:38:25-66
152
153                <category android:name="android.intent.category.DEFAULT" />
153-->src/main/AndroidManifest.xml:39:17-76
153-->src/main/AndroidManifest.xml:39:27-73
154                <category android:name="android.intent.category.BROWSABLE" />
154-->src/main/AndroidManifest.xml:40:17-78
154-->src/main/AndroidManifest.xml:40:27-75
155
156                <data
156-->src/main/AndroidManifest.xml:41:17-79
157                    android:host="cct.domez.io"
157-->src/main/AndroidManifest.xml:41:46-76
158                    android:scheme="fbconnect" />
158-->src/main/AndroidManifest.xml:41:23-45
159            </intent-filter>
160        </activity>
161        <!-- Set up the Sign in with Apple activity, such that it's callable from the browser-redirect -->
162        <!-- <activity -->
163        <!-- android:name="com.aboutyou.dart_packages.sign_in_with_apple.SignInWithAppleCallback" -->
164        <!-- android:exported="true" -->
165        <!-- > -->
166        <!-- <intent-filter> -->
167        <!-- <action android:name="android.intent.action.VIEW" /> -->
168        <!-- <category android:name="android.intent.category.DEFAULT" /> -->
169        <!-- <category android:name="android.intent.category.BROWSABLE" /> -->
170
171
172        <!-- <data android:scheme="signinwithapple" /> -->
173        <!-- <data android:path="callback" /> -->
174        <!-- </intent-filter> -->
175        <!-- </activity> -->
176
177        <service
177-->[:firebase_messaging] AndroidManifest.xml:16:9-19:72
178            android:name="io.flutter.plugins.firebase.messaging.FlutterFirebaseMessagingBackgroundService"
178-->[:firebase_messaging] AndroidManifest.xml:17:13-107
179            android:exported="false"
179-->[:firebase_messaging] AndroidManifest.xml:18:13-37
180            android:permission="android.permission.BIND_JOB_SERVICE" />
180-->[:firebase_messaging] AndroidManifest.xml:19:13-69
181        <service
181-->[:firebase_messaging] AndroidManifest.xml:20:9-26:19
182            android:name="io.flutter.plugins.firebase.messaging.FlutterFirebaseMessagingService"
182-->[:firebase_messaging] AndroidManifest.xml:21:13-97
183            android:exported="false" >
183-->[:firebase_messaging] AndroidManifest.xml:22:13-37
184            <intent-filter>
184-->[:firebase_messaging] AndroidManifest.xml:23:13-25:29
185                <action android:name="com.google.firebase.MESSAGING_EVENT" />
185-->[:firebase_messaging] AndroidManifest.xml:24:17-78
185-->[:firebase_messaging] AndroidManifest.xml:24:25-75
186            </intent-filter>
187        </service>
188
189        <receiver
189-->[:firebase_messaging] AndroidManifest.xml:28:9-35:20
190            android:name="io.flutter.plugins.firebase.messaging.FlutterFirebaseMessagingReceiver"
190-->[:firebase_messaging] AndroidManifest.xml:29:13-98
191            android:exported="true"
191-->[:firebase_messaging] AndroidManifest.xml:30:13-36
192            android:permission="com.google.android.c2dm.permission.SEND" >
192-->[:firebase_messaging] AndroidManifest.xml:31:13-73
193            <intent-filter>
193-->[:firebase_messaging] AndroidManifest.xml:32:13-34:29
194                <action android:name="com.google.android.c2dm.intent.RECEIVE" />
194-->[:firebase_messaging] AndroidManifest.xml:33:17-81
194-->[:firebase_messaging] AndroidManifest.xml:33:25-78
195            </intent-filter>
196        </receiver>
197
198        <service
198-->[:firebase_messaging] AndroidManifest.xml:37:9-41:19
199            android:name="com.google.firebase.components.ComponentDiscoveryService"
199-->[:firebase_messaging] AndroidManifest.xml:37:18-89
200            android:directBootAware="true"
200-->[com.google.firebase:firebase-common:20.3.2] AndroidManifest.xml:34:13-43
201            android:exported="false" >
201-->[com.google.firebase:firebase-iid:21.1.0] AndroidManifest.xml:31:13-37
202            <meta-data
202-->[:firebase_messaging] AndroidManifest.xml:38:13-40:85
203                android:name="com.google.firebase.components:io.flutter.plugins.firebase.messaging.FlutterFirebaseAppRegistrar"
203-->[:firebase_messaging] AndroidManifest.xml:39:17-128
204                android:value="com.google.firebase.components.ComponentRegistrar" />
204-->[:firebase_messaging] AndroidManifest.xml:40:17-82
205            <meta-data
205-->[:firebase_dynamic_links] AndroidManifest.xml:13:13-15:85
206                android:name="com.google.firebase.components:io.flutter.plugins.firebase.dynamiclinks.FlutterFirebaseAppRegistrar"
206-->[:firebase_dynamic_links] AndroidManifest.xml:14:17-131
207                android:value="com.google.firebase.components.ComponentRegistrar" />
207-->[:firebase_dynamic_links] AndroidManifest.xml:15:17-82
208            <meta-data
208-->[:firebase_auth] AndroidManifest.xml:11:13-13:85
209                android:name="com.google.firebase.components:io.flutter.plugins.firebase.auth.FlutterFirebaseAuthRegistrar"
209-->[:firebase_auth] AndroidManifest.xml:12:17-124
210                android:value="com.google.firebase.components.ComponentRegistrar" />
210-->[:firebase_auth] AndroidManifest.xml:13:17-82
211            <meta-data
211-->[:firebase_core] AndroidManifest.xml:11:13-13:85
212                android:name="com.google.firebase.components:io.flutter.plugins.firebase.core.FlutterFirebaseCoreRegistrar"
212-->[:firebase_core] AndroidManifest.xml:12:17-124
213                android:value="com.google.firebase.components.ComponentRegistrar" />
213-->[:firebase_core] AndroidManifest.xml:13:17-82
214            <meta-data
214-->[com.google.firebase:firebase-iid:21.1.0] AndroidManifest.xml:32:13-34:85
215                android:name="com.google.firebase.components:com.google.firebase.iid.Registrar"
215-->[com.google.firebase:firebase-iid:21.1.0] AndroidManifest.xml:33:17-96
216                android:value="com.google.firebase.components.ComponentRegistrar" />
216-->[com.google.firebase:firebase-iid:21.1.0] AndroidManifest.xml:34:17-82
217            <meta-data
217-->[com.google.firebase:firebase-messaging:23.1.2] AndroidManifest.xml:55:13-57:85
218                android:name="com.google.firebase.components:com.google.firebase.messaging.FirebaseMessagingRegistrar"
218-->[com.google.firebase:firebase-messaging:23.1.2] AndroidManifest.xml:56:17-119
219                android:value="com.google.firebase.components.ComponentRegistrar" />
219-->[com.google.firebase:firebase-messaging:23.1.2] AndroidManifest.xml:57:17-82
220            <meta-data
220-->[com.google.firebase:firebase-dynamic-links:21.1.0] AndroidManifest.xml:26:13-28:85
221                android:name="com.google.firebase.components:com.google.firebase.dynamiclinks.internal.FirebaseDynamicLinkRegistrar"
221-->[com.google.firebase:firebase-dynamic-links:21.1.0] AndroidManifest.xml:27:17-133
222                android:value="com.google.firebase.components.ComponentRegistrar" />
222-->[com.google.firebase:firebase-dynamic-links:21.1.0] AndroidManifest.xml:28:17-82
223            <meta-data
223-->[com.google.firebase:firebase-auth:22.0.0] AndroidManifest.xml:69:13-71:85
224                android:name="com.google.firebase.components:com.google.firebase.auth.FirebaseAuthRegistrar"
224-->[com.google.firebase:firebase-auth:22.0.0] AndroidManifest.xml:70:17-109
225                android:value="com.google.firebase.components.ComponentRegistrar" />
225-->[com.google.firebase:firebase-auth:22.0.0] AndroidManifest.xml:71:17-82
226            <meta-data
226-->[com.google.firebase:firebase-analytics-ktx:21.2.2] AndroidManifest.xml:11:13-13:85
227                android:name="com.google.firebase.components:com.google.firebase.analytics.ktx.FirebaseAnalyticsKtxRegistrar"
227-->[com.google.firebase:firebase-analytics-ktx:21.2.2] AndroidManifest.xml:12:17-126
228                android:value="com.google.firebase.components.ComponentRegistrar" />
228-->[com.google.firebase:firebase-analytics-ktx:21.2.2] AndroidManifest.xml:13:17-82
229            <meta-data
229-->[com.google.android.gms:play-services-measurement-api:21.2.2] AndroidManifest.xml:31:13-33:85
230                android:name="com.google.firebase.components:com.google.firebase.analytics.connector.internal.AnalyticsConnectorRegistrar"
230-->[com.google.android.gms:play-services-measurement-api:21.2.2] AndroidManifest.xml:32:17-139
231                android:value="com.google.firebase.components.ComponentRegistrar" />
231-->[com.google.android.gms:play-services-measurement-api:21.2.2] AndroidManifest.xml:33:17-82
232            <meta-data
232-->[com.google.firebase:firebase-installations:17.1.3] AndroidManifest.xml:17:13-19:85
233                android:name="com.google.firebase.components:com.google.firebase.installations.FirebaseInstallationsRegistrar"
233-->[com.google.firebase:firebase-installations:17.1.3] AndroidManifest.xml:18:17-127
234                android:value="com.google.firebase.components.ComponentRegistrar" />
234-->[com.google.firebase:firebase-installations:17.1.3] AndroidManifest.xml:19:17-82
235            <meta-data
235-->[com.google.firebase:firebase-common-ktx:20.3.2] AndroidManifest.xml:14:13-16:85
236                android:name="com.google.firebase.components:com.google.firebase.ktx.FirebaseCommonKtxRegistrar"
236-->[com.google.firebase:firebase-common-ktx:20.3.2] AndroidManifest.xml:15:17-113
237                android:value="com.google.firebase.components.ComponentRegistrar" />
237-->[com.google.firebase:firebase-common-ktx:20.3.2] AndroidManifest.xml:16:17-82
238            <meta-data
238-->[com.google.firebase:firebase-datatransport:18.1.7] AndroidManifest.xml:27:13-29:85
239                android:name="com.google.firebase.components:com.google.firebase.datatransport.TransportRegistrar"
239-->[com.google.firebase:firebase-datatransport:18.1.7] AndroidManifest.xml:28:17-115
240                android:value="com.google.firebase.components.ComponentRegistrar" />
240-->[com.google.firebase:firebase-datatransport:18.1.7] AndroidManifest.xml:29:17-82
241        </service>
242
243        <provider
243-->[:firebase_messaging] AndroidManifest.xml:43:9-47:38
244            android:name="io.flutter.plugins.firebase.messaging.FlutterFirebaseMessagingInitProvider"
244-->[:firebase_messaging] AndroidManifest.xml:44:13-102
245            android:authorities="domez.io.flutterfirebasemessaginginitprovider"
245-->[:firebase_messaging] AndroidManifest.xml:45:13-88
246            android:exported="false"
246-->[:firebase_messaging] AndroidManifest.xml:46:13-37
247            android:initOrder="99" />
247-->[:firebase_messaging] AndroidManifest.xml:47:13-35
248
249        <service
249-->[:geolocator_android] AndroidManifest.xml:12:9-16:56
250            android:name="com.baseflow.geolocator.GeolocatorLocationService"
250-->[:geolocator_android] AndroidManifest.xml:13:13-77
251            android:enabled="true"
251-->[:geolocator_android] AndroidManifest.xml:14:13-35
252            android:exported="false"
252-->[:geolocator_android] AndroidManifest.xml:15:13-37
253            android:foregroundServiceType="location" />
253-->[:geolocator_android] AndroidManifest.xml:16:13-53
254
255        <receiver
255-->[:flutter_local_notifications] AndroidManifest.xml:16:9-18:40
256            android:name="com.dexterous.flutterlocalnotifications.ActionBroadcastReceiver"
256-->[:flutter_local_notifications] AndroidManifest.xml:17:13-91
257            android:exported="false" />
257-->[:flutter_local_notifications] AndroidManifest.xml:18:13-37
258        <receiver
258-->[:flutter_local_notifications] AndroidManifest.xml:19:9-21:40
259            android:name="com.dexterous.flutterlocalnotifications.ScheduledNotificationReceiver"
259-->[:flutter_local_notifications] AndroidManifest.xml:20:13-97
260            android:exported="false" />
260-->[:flutter_local_notifications] AndroidManifest.xml:21:13-37
261        <receiver
261-->[:flutter_local_notifications] AndroidManifest.xml:22:9-31:20
262            android:name="com.dexterous.flutterlocalnotifications.ScheduledNotificationBootReceiver"
262-->[:flutter_local_notifications] AndroidManifest.xml:23:13-101
263            android:exported="false" >
263-->[:flutter_local_notifications] AndroidManifest.xml:24:13-37
264            <intent-filter>
264-->[:flutter_local_notifications] AndroidManifest.xml:25:13-30:29
265                <action android:name="android.intent.action.BOOT_COMPLETED" />
265-->[:flutter_local_notifications] AndroidManifest.xml:26:17-79
265-->[:flutter_local_notifications] AndroidManifest.xml:26:25-76
266                <action android:name="android.intent.action.MY_PACKAGE_REPLACED" />
266-->[:flutter_local_notifications] AndroidManifest.xml:27:17-84
266-->[:flutter_local_notifications] AndroidManifest.xml:27:25-81
267                <action android:name="android.intent.action.QUICKBOOT_POWERON" />
267-->[:flutter_local_notifications] AndroidManifest.xml:28:17-82
267-->[:flutter_local_notifications] AndroidManifest.xml:28:25-79
268                <action android:name="com.htc.intent.action.QUICKBOOT_POWERON" />
268-->[:flutter_local_notifications] AndroidManifest.xml:29:17-82
268-->[:flutter_local_notifications] AndroidManifest.xml:29:25-79
269            </intent-filter>
270        </receiver>
271
272        <provider
272-->[:share_plus] AndroidManifest.xml:10:9-18:20
273            android:name="dev.fluttercommunity.plus.share.ShareFileProvider"
273-->[:share_plus] AndroidManifest.xml:11:13-77
274            android:authorities="domez.io.flutter.share_provider"
274-->[:share_plus] AndroidManifest.xml:12:13-74
275            android:exported="false"
275-->[:share_plus] AndroidManifest.xml:13:13-37
276            android:grantUriPermissions="true" >
276-->[:share_plus] AndroidManifest.xml:14:13-47
277            <meta-data
277-->[:share_plus] AndroidManifest.xml:15:13-17:68
278                android:name="android.support.FILE_PROVIDER_PATHS"
278-->[:share_plus] AndroidManifest.xml:16:17-67
279                android:resource="@xml/flutter_share_file_paths" />
279-->[:share_plus] AndroidManifest.xml:17:17-65
280        </provider>
281        <provider
281-->[:image_picker_android] AndroidManifest.xml:10:9-18:20
282            android:name="io.flutter.plugins.imagepicker.ImagePickerFileProvider"
282-->[:image_picker_android] AndroidManifest.xml:11:13-82
283            android:authorities="domez.io.flutter.image_provider"
283-->[:image_picker_android] AndroidManifest.xml:12:13-74
284            android:exported="false"
284-->[:image_picker_android] AndroidManifest.xml:13:13-37
285            android:grantUriPermissions="true" >
285-->[:image_picker_android] AndroidManifest.xml:14:13-47
286            <meta-data
286-->[:share_plus] AndroidManifest.xml:15:13-17:68
287                android:name="android.support.FILE_PROVIDER_PATHS"
287-->[:share_plus] AndroidManifest.xml:16:17-67
288                android:resource="@xml/flutter_image_picker_file_paths" />
288-->[:share_plus] AndroidManifest.xml:17:17-65
289        </provider>
290
291        <activity
291-->[:url_launcher_android] AndroidManifest.xml:10:9-13:74
292            android:name="io.flutter.plugins.urllauncher.WebViewActivity"